# JRE version: OpenJDK Runtime Environment Temurin-21.0.10+7 (21.0.10+7) (build 21.0.10+7-LTS)
# Java VM: OpenJDK 64-Bit Server VM Temurin-21.0.10+7 (21.0.10+7-LTS, mixed mode, sharing, tiered, compressed oops, compressed class ptrs, parallel gc, windows-amd64)
GC Precious Log:
 CardTable entry size: 512
 CPUs: 8 total, 8 available
 Memory: 7991M
 Large Page Support: Disabled
 NUMA Support: Disabled
 Compressed Oops: Enabled (32-bit)
 Alignments: Space 512K, Generation 512K, Heap 2M
 Heap Min Capacity: 100M
 Heap Initial Capacity: 100M
 Heap Max Capacity: 2G
 Pre-touch: Disabled
 Parallel Workers: 8
Heap:
 PSYoungGen      total 22528K, used 20385K [0x00000000d5580000, 0x00000000d7000000, 0x0000000100000000)
  eden space 20992K, 89% used [0x00000000d5580000,0x00000000d67ef710,0x00000000d6a00000)
  from space 1536K, 98% used [0x00000000d6b80000,0x00000000d6cf9038,0x00000000d6d00000)
  to   space 3072K, 0% used [0x00000000d6d00000,0x00000000d6d00000,0x00000000d7000000)
 ParOldGen       total 68608K, used 32503K [0x0000000080000000, 0x0000000084300000, 0x00000000d5580000)
  object space 68608K, 47% used [0x0000000080000000,0x0000000081fbdf08,0x0000000084300000)
 Metaspace       used 42234K, committed 43264K, reserved 1114112K
  class space    used 4215K, committed 4736K, reserved 1048576K
GC Heap History (20 events):
Event: 3.045 GC heap before
{Heap before GC invocations=16 (full 1):
 PSYoungGen      total 22528K, used 22528K [0x00000000d5580000, 0x00000000d7400000, 0x0000000100000000)
  eden space 20992K, 100% used [0x00000000d5580000,0x00000000d6a00000,0x00000000d6a00000)
  from space 1536K, 100% used [0x00000000d6e80000,0x00000000d7000000,0x00000000d7000000)
  to   space 4608K, 0% used [0x00000000d6a00000,0x00000000d6a00000,0x00000000d6e80000)
 ParOldGen       total 68608K, used 23116K [0x0000000080000000, 0x0000000084300000, 0x00000000d5580000)
  object space 68608K, 33% used [0x0000000080000000,0x0000000081693230,0x0000000084300000)
 Metaspace       used 31959K, committed 32896K, reserved 1114112K
  class space    used 3229K, committed 3648K, reserved 1048576K
}
Event: 3.048 GC heap after
{Heap after GC invocations=16 (full 1):
 PSYoungGen      total 23552K, used 2080K [0x00000000d5580000, 0x00000000d7000000, 0x0000000100000000)
  eden space 20992K, 0% used [0x00000000d5580000,0x00000000d5580000,0x00000000d6a00000)
  from space 2560K, 81% used [0x00000000d6a00000,0x00000000d6c08010,0x00000000d6c80000)
  to   space 3072K, 0% used [0x00000000d6d00000,0x00000000d6d00000,0x00000000d7000000)
 ParOldGen       total 68608K, used 24676K [0x0000000080000000, 0x0000000084300000, 0x00000000d5580000)
  object space 68608K, 35% used [0x0000000080000000,0x0000000081819230,0x0000000084300000)
 Metaspace       used 31959K, committed 32896K, reserved 1114112K
  class space    used 3229K, committed 3648K, reserved 1048576K
}
Event: 3.094 GC heap before
{Heap before GC invocations=17 (full 1):
 PSYoungGen      total 23552K, used 23072K [0x00000000d5580000, 0x00000000d7000000, 0x0000000100000000)
  eden space 20992K, 100% used [0x00000000d5580000,0x00000000d6a00000,0x00000000d6a00000)
  from space 2560K, 81% used [0x00000000d6a00000,0x00000000d6c08010,0x00000000d6c80000)
  to   space 3072K, 0% used [0x00000000d6d00000,0x00000000d6d00000,0x00000000d7000000)
 ParOldGen       total 68608K, used 24676K [0x0000000080000000, 0x0000000084300000, 0x00000000d5580000)
  object space 68608K, 35% used [0x0000000080000000,0x0000000081819230,0x0000000084300000)
 Metaspace       used 31979K, committed 32960K, reserved 1114112K
  class space    used 3229K, committed 3648K, reserved 1048576K
}
Event: 3.098 GC heap after
{Heap after GC invocations=17 (full 1):
 PSYoungGen      total 23040K, used 1848K [0x00000000d5580000, 0x00000000d6f00000, 0x0000000100000000)
  eden space 20992K, 0% used [0x00000000d5580000,0x00000000d5580000,0x00000000d6a00000)
  from space 2048K, 90% used [0x00000000d6d00000,0x00000000d6ece200,0x00000000d6f00000)
  to   space 2560K, 0% used [0x00000000d6a00000,0x00000000d6a00000,0x00000000d6c80000)
 ParOldGen       total 68608K, used 26636K [0x0000000080000000, 0x0000000084300000, 0x00000000d5580000)
  object space 68608K, 38% used [0x0000000080000000,0x0000000081a03240,0x0000000084300000)
 Metaspace       used 31979K, committed 32960K, reserved 1114112K
  class space    used 3229K, committed 3648K, reserved 1048576K
}
Event: 3.366 GC heap before
{Heap before GC invocations=18 (full 1):
 PSYoungGen      total 23040K, used 22840K [0x00000000d5580000, 0x00000000d6f00000, 0x0000000100000000)
  eden space 20992K, 100% used [0x00000000d5580000,0x00000000d6a00000,0x00000000d6a00000)
  from space 2048K, 90% used [0x00000000d6d00000,0x00000000d6ece200,0x00000000d6f00000)
  to   space 2560K, 0% used [0x00000000d6a00000,0x00000000d6a00000,0x00000000d6c80000)
 ParOldGen       total 68608K, used 26636K [0x0000000080000000, 0x0000000084300000, 0x00000000d5580000)
  object space 68608K, 38% used [0x0000000080000000,0x0000000081a03240,0x0000000084300000)
 Metaspace       used 34377K, committed 35328K, reserved 1114112K
  class space    used 3486K, committed 3904K, reserved 1048576K
}
Event: 3.370 GC heap after
{Heap after GC invocations=18 (full 1):
 PSYoungGen      total 23552K, used 2539K [0x00000000d5580000, 0x00000000d7500000, 0x0000000100000000)
  eden space 20992K, 0% used [0x00000000d5580000,0x00000000d5580000,0x00000000d6a00000)
  from space 2560K, 99% used [0x00000000d6a00000,0x00000000d6c7ae58,0x00000000d6c80000)
  to   space 5632K, 0% used [0x00000000d6f80000,0x00000000d6f80000,0x00000000d7500000)
 ParOldGen       total 68608K, used 29005K [0x0000000080000000, 0x0000000084300000, 0x00000000d5580000)
  object space 68608K, 42% used [0x0000000080000000,0x0000000081c53440,0x0000000084300000)
 Metaspace       used 34377K, committed 35328K, reserved 1114112K
  class space    used 3486K, committed 3904K, reserved 1048576K
}
Event: 3.469 GC heap before
{Heap before GC invocations=19 (full 1):
 PSYoungGen      total 23552K, used 13477K [0x00000000d5580000, 0x00000000d7500000, 0x0000000100000000)
  eden space 20992K, 52% used [0x00000000d5580000,0x00000000d602e5f0,0x00000000d6a00000)
  from space 2560K, 99% used [0x00000000d6a00000,0x00000000d6c7ae58,0x00000000d6c80000)
  to   space 5632K, 0% used [0x00000000d6f80000,0x00000000d6f80000,0x00000000d7500000)
 ParOldGen       total 68608K, used 29005K [0x0000000080000000, 0x0000000084300000, 0x00000000d5580000)
  object space 68608K, 42% used [0x0000000080000000,0x0000000081c53440,0x0000000084300000)
 Metaspace       used 34877K, committed 35840K, reserved 1114112K
  class space    used 3547K, committed 3968K, reserved 1048576K
}
Event: 3.471 GC heap after
{Heap after GC invocations=19 (full 1):
 PSYoungGen      total 21504K, used 354K [0x00000000d5580000, 0x00000000d7000000, 0x0000000100000000)
  eden space 20992K, 0% used [0x00000000d5580000,0x00000000d5580000,0x00000000d6a00000)
  from space 512K, 69% used [0x00000000d6f80000,0x00000000d6fd88a8,0x00000000d7000000)
  to   space 2048K, 0% used [0x00000000d6c00000,0x00000000d6c00000,0x00000000d6e00000)
 ParOldGen       total 68608K, used 31553K [0x0000000080000000, 0x0000000084300000, 0x00000000d5580000)
  object space 68608K, 45% used [0x0000000080000000,0x0000000081ed0610,0x0000000084300000)
 Metaspace       used 34877K, committed 35840K, reserved 1114112K
  class space    used 3547K, committed 3968K, reserved 1048576K
}
Event: 3.471 GC heap before
{Heap before GC invocations=20 (full 2):
 PSYoungGen      total 21504K, used 354K [0x00000000d5580000, 0x00000000d7000000, 0x0000000100000000)
  eden space 20992K, 0% used [0x00000000d5580000,0x00000000d5580000,0x00000000d6a00000)
  from space 512K, 69% used [0x00000000d6f80000,0x00000000d6fd88a8,0x00000000d7000000)
  to   space 2048K, 0% used [0x00000000d6c00000,0x00000000d6c00000,0x00000000d6e00000)
 ParOldGen       total 68608K, used 31553K [0x0000000080000000, 0x0000000084300000, 0x00000000d5580000)
  object space 68608K, 45% used [0x0000000080000000,0x0000000081ed0610,0x0000000084300000)
 Metaspace       used 34877K, committed 35840K, reserved 1114112K
  class space    used 3547K, committed 3968K, reserved 1048576K
}
Event: 3.520 GC heap after
{Heap after GC invocations=20 (full 2):
 PSYoungGen      total 21504K, used 0K [0x00000000d5580000, 0x00000000d7000000, 0x0000000100000000)
  eden space 20992K, 0% used [0x00000000d5580000,0x00000000d5580000,0x00000000d6a00000)
  from space 512K, 0% used [0x00000000d6f80000,0x00000000d6f80000,0x00000000d7000000)
  to   space 2048K, 0% used [0x00000000d6c00000,0x00000000d6c00000,0x00000000d6e00000)
 ParOldGen       total 68608K, used 30153K [0x0000000080000000, 0x0000000084300000, 0x00000000d5580000)
  object space 68608K, 43% used [0x0000000080000000,0x0000000081d72548,0x0000000084300000)
 Metaspace       used 34877K, committed 35840K, reserved 1114112K
  class space    used 3547K, committed 3968K, reserved 1048576K
}
Event: 3.757 GC heap before
{Heap before GC invocations=21 (full 2):
 PSYoungGen      total 21504K, used 20992K [0x00000000d5580000, 0x00000000d7000000, 0x0000000100000000)
  eden space 20992K, 100% used [0x00000000d5580000,0x00000000d6a00000,0x00000000d6a00000)
  from space 512K, 0% used [0x00000000d6f80000,0x00000000d6f80000,0x00000000d7000000)
  to   space 2048K, 0% used [0x00000000d6c00000,0x00000000d6c00000,0x00000000d6e00000)
 ParOldGen       total 68608K, used 30153K [0x0000000080000000, 0x0000000084300000, 0x00000000d5580000)
  object space 68608K, 43% used [0x0000000080000000,0x0000000081d72548,0x0000000084300000)
 Metaspace       used 36357K, committed 37376K, reserved 1114112K
  class space    used 3707K, committed 4160K, reserved 1048576K
}
Event: 3.758 GC heap after
{Heap after GC invocations=21 (full 2):
 PSYoungGen      total 23040K, used 1817K [0x00000000d5580000, 0x00000000d7000000, 0x0000000100000000)
  eden space 20992K, 0% used [0x00000000d5580000,0x00000000d5580000,0x00000000d6a00000)
  from space 2048K, 88% used [0x00000000d6c00000,0x00000000d6dc6470,0x00000000d6e00000)
  to   space 2048K, 0% used [0x00000000d6e00000,0x00000000d6e00000,0x00000000d7000000)
 ParOldGen       total 68608K, used 30161K [0x0000000080000000, 0x0000000084300000, 0x00000000d5580000)
  object space 68608K, 43% used [0x0000000080000000,0x0000000081d74548,0x0000000084300000)
 Metaspace       used 36357K, committed 37376K, reserved 1114112K
  class space    used 3707K, committed 4160K, reserved 1048576K
}
Event: 3.806 GC heap before
{Heap before GC invocations=22 (full 2):
 PSYoungGen      total 23040K, used 22809K [0x00000000d5580000, 0x00000000d7000000, 0x0000000100000000)
  eden space 20992K, 100% used [0x00000000d5580000,0x00000000d6a00000,0x00000000d6a00000)
  from space 2048K, 88% used [0x00000000d6c00000,0x00000000d6dc6470,0x00000000d6e00000)
  to   space 2048K, 0% used [0x00000000d6e00000,0x00000000d6e00000,0x00000000d7000000)
 ParOldGen       total 68608K, used 30161K [0x0000000080000000, 0x0000000084300000, 0x00000000d5580000)
  object space 68608K, 43% used [0x0000000080000000,0x0000000081d74548,0x0000000084300000)
 Metaspace       used 36395K, committed 37376K, reserved 1114112K
  class space    used 3708K, committed 4160K, reserved 1048576K
}
Event: 3.807 GC heap after
{Heap after GC invocations=22 (full 2):
 PSYoungGen      total 22016K, used 982K [0x00000000d5580000, 0x00000000d6f00000, 0x0000000100000000)
  eden space 20992K, 0% used [0x00000000d5580000,0x00000000d5580000,0x00000000d6a00000)
  from space 1024K, 95% used [0x00000000d6e00000,0x00000000d6ef59b8,0x00000000d6f00000)
  to   space 1536K, 0% used [0x00000000d6c00000,0x00000000d6c00000,0x00000000d6d80000)
 ParOldGen       total 68608K, used 30962K [0x0000000080000000, 0x0000000084300000, 0x00000000d5580000)
  object space 68608K, 45% used [0x0000000080000000,0x0000000081e3cba8,0x0000000084300000)
 Metaspace       used 36395K, committed 37376K, reserved 1114112K
  class space    used 3708K, committed 4160K, reserved 1048576K
}
Event: 3.916 GC heap before
{Heap before GC invocations=23 (full 2):
 PSYoungGen      total 22016K, used 21974K [0x00000000d5580000, 0x00000000d6f00000, 0x0000000100000000)
  eden space 20992K, 100% used [0x00000000d5580000,0x00000000d6a00000,0x00000000d6a00000)
  from space 1024K, 95% used [0x00000000d6e00000,0x00000000d6ef59b8,0x00000000d6f00000)
  to   space 1536K, 0% used [0x00000000d6c00000,0x00000000d6c00000,0x00000000d6d80000)
 ParOldGen       total 68608K, used 30962K [0x0000000080000000, 0x0000000084300000, 0x00000000d5580000)
  object space 68608K, 45% used [0x0000000080000000,0x0000000081e3cba8,0x0000000084300000)
 Metaspace       used 37883K, committed 38848K, reserved 1114112K
  class space    used 3837K, committed 4288K, reserved 1048576K
}
Event: 3.916 GC heap after
{Heap after GC invocations=23 (full 2):
 PSYoungGen      total 22528K, used 385K [0x00000000d5580000, 0x00000000d6e80000, 0x0000000100000000)
  eden space 20992K, 0% used [0x00000000d5580000,0x00000000d5580000,0x00000000d6a00000)
  from space 1536K, 25% used [0x00000000d6c00000,0x00000000d6c60468,0x00000000d6d80000)
  to   space 1024K, 0% used [0x00000000d6d80000,0x00000000d6d80000,0x00000000d6e80000)
 ParOldGen       total 68608K, used 30994K [0x0000000080000000, 0x0000000084300000, 0x00000000d5580000)
  object space 68608K, 45% used [0x0000000080000000,0x0000000081e44ba8,0x0000000084300000)
 Metaspace       used 37883K, committed 38848K, reserved 1114112K
  class space    used 3837K, committed 4288K, reserved 1048576K
}
Event: 4.180 GC heap before
{Heap before GC invocations=24 (full 2):
 PSYoungGen      total 22528K, used 21377K [0x00000000d5580000, 0x00000000d6e80000, 0x0000000100000000)
  eden space 20992K, 100% used [0x00000000d5580000,0x00000000d6a00000,0x00000000d6a00000)
  from space 1536K, 25% used [0x00000000d6c00000,0x00000000d6c60468,0x00000000d6d80000)
  to   space 1024K, 0% used [0x00000000d6d80000,0x00000000d6d80000,0x00000000d6e80000)
 ParOldGen       total 68608K, used 30994K [0x0000000080000000, 0x0000000084300000, 0x00000000d5580000)
  object space 68608K, 45% used [0x0000000080000000,0x0000000081e44ba8,0x0000000084300000)
 Metaspace       used 40625K, committed 41600K, reserved 1114112K
  class space    used 4130K, committed 4544K, reserved 1048576K
}
Event: 4.181 GC heap after
{Heap after GC invocations=24 (full 2):
 PSYoungGen      total 22016K, used 992K [0x00000000d5580000, 0x00000000d6e80000, 0x0000000100000000)
  eden space 20992K, 0% used [0x00000000d5580000,0x00000000d5580000,0x00000000d6a00000)
  from space 1024K, 96% used [0x00000000d6d80000,0x00000000d6e78018,0x00000000d6e80000)
  to   space 1536K, 0% used [0x00000000d6b80000,0x00000000d6b80000,0x00000000d6d00000)
 ParOldGen       total 68608K, used 31312K [0x0000000080000000, 0x0000000084300000, 0x00000000d5580000)
  object space 68608K, 45% used [0x0000000080000000,0x0000000081e94028,0x0000000084300000)
 Metaspace       used 40625K, committed 41600K, reserved 1114112K
  class space    used 4130K, committed 4544K, reserved 1048576K
}
Event: 4.374 GC heap before
{Heap before GC invocations=25 (full 2):
 PSYoungGen      total 22016K, used 21984K [0x00000000d5580000, 0x00000000d6e80000, 0x0000000100000000)
  eden space 20992K, 100% used [0x00000000d5580000,0x00000000d6a00000,0x00000000d6a00000)
  from space 1024K, 96% used [0x00000000d6d80000,0x00000000d6e78018,0x00000000d6e80000)
  to   space 1536K, 0% used [0x00000000d6b80000,0x00000000d6b80000,0x00000000d6d00000)
 ParOldGen       total 68608K, used 31312K [0x0000000080000000, 0x0000000084300000, 0x00000000d5580000)
  object space 68608K, 45% used [0x0000000080000000,0x0000000081e94028,0x0000000084300000)
 Metaspace       used 41796K, committed 42816K, reserved 1114112K
  class space    used 4186K, committed 4672K, reserved 1048576K
}
Event: 4.376 GC heap after
{Heap after GC invocations=25 (full 2):
 PSYoungGen      total 22528K, used 1508K [0x00000000d5580000, 0x00000000d7000000, 0x0000000100000000)
  eden space 20992K, 0% used [0x00000000d5580000,0x00000000d5580000,0x00000000d6a00000)
  from space 1536K, 98% used [0x00000000d6b80000,0x00000000d6cf9038,0x00000000d6d00000)
  to   space 3072K, 0% used [0x00000000d6d00000,0x00000000d6d00000,0x00000000d7000000)
 ParOldGen       total 68608K, used 32503K [0x0000000080000000, 0x0000000084300000, 0x00000000d5580000)
  object space 68608K, 47% used [0x0000000080000000,0x0000000081fbdf08,0x0000000084300000)
 Metaspace       used 41796K, committed 42816K, reserved 1114112K
  class space    used 4186K, committed 4672K, reserved 1048576K
}

